<?xml version="1.0" encoding="UTF-8"?>
<!-- Generated by org.testng.reporters.JUnitReportReporter -->
<testsuite skipped="0" hostname="Jaivir-Macbook.local" name="com.snapdeal.test.HomePageTest" tests="1" failures="0" timestamp="18 Jul 2017 07:58:48 GMT" time="6.592" errors="0">
  <testcase name="testSearch" time="6.592" classname="com.snapdeal.test.HomePageTest"/>
</testsuite> <!-- com.snapdeal.test.HomePageTest -->
